Test log entry
[2025-08-07T17:48:42.547Z] INFO [TEST] Test log entry from API
[2025-08-07T17:48:42.547Z] ERROR [TEST] This is a test error
Error: This is a test error
    at GET (webpack-internal:///(rsc)/./src/app/api/test-logger/route.ts:13:27)
    at AsyncLocalStorage.run (node:internal/async_local_storage/async_context_frame:59:14)
    at AppRouteRouteModule.do (/Users/farshidhendi/voice-content-platform/node_modules/next/dist/compiled/next-server/app-route.runtime.dev.js:5:38861)
    at /Users/farshidhendi/voice-content-platform/node_modules/next/dist/compiled/next-server/app-route.runtime.dev.js:5:48879
    at /Users/farshidhendi/voice-content-platform/node_modules/next/dist/server/lib/trace/tracer.js:169:36
    at NoopContextManager.with (/Users/farshidhendi/voice-content-platform/node_modules/next/dist/compiled/@opentelemetry/api/index.js:1:7062)
    at ContextAPI.with (/Users/farshidhendi/voice-content-platform/node_modules/next/dist/compiled/@opentelemetry/api/index.js:1:518)
    at NoopTracer.startActiveSpan (/Users/farshidhendi/voice-content-platform/node_modules/next/dist/compiled/@opentelemetry/api/index.js:1:18093)
    at ProxyTracer.startActiveSpan (/Users/farshidhendi/voice-content-platform/node_modules/next/dist/compiled/@opentelemetry/api/index.js:1:18854)
    at /Users/farshidhendi/voice-content-platform/node_modules/next/dist/server/lib/trace/tracer.js:151:103
    at NoopContextManager.with (/Users/farshidhendi/voice-content-platform/node_modules/next/dist/compiled/@opentelemetry/api/index.js:1:7062)
    at ContextAPI.with (/Users/farshidhendi/voice-content-platform/node_modules/next/dist/compiled/@opentelemetry/api/index.js:1:518)
    at NextTracerImpl.trace (/Users/farshidhendi/voice-content-platform/node_modules/next/dist/server/lib/trace/tracer.js:151:28)
    at /Users/farshidhendi/voice-content-platform/node_modules/next/dist/compiled/next-server/app-route.runtime.dev.js:5:48724
    at AsyncLocalStorage.run (node:internal/async_local_storage/async_context_frame:63:14)
    at /Users/farshidhendi/voice-content-platform/node_modules/next/dist/compiled/next-server/app-route.runtime.dev.js:5:46103
    at AsyncLocalStorage.run (node:internal/async_local_storage/async_context_frame:63:14)
    at /Users/farshidhendi/voice-content-platform/node_modules/next/dist/compiled/next-server/app-route.runtime.dev.js:5:46060
    at AsyncLocalStorage.run (node:internal/async_local_storage/async_context_frame:63:14)
    at AppRouteRouteModule.handle (/Users/farshidhendi/voice-content-platform/node_modules/next/dist/compiled/next-server/app-route.runtime.dev.js:5:46014)

[2025-08-07T17:49:00.113Z] INFO [SIGNUP] Signup attempt started
[2025-08-07T17:49:00.115Z] ERROR [SIGNUP] [
  {
    "code": "invalid_value",
    "values": [
      "PUBLISHER",
      "EDITOR",
      "USER"
    ],
    "path": [
      "role"
    ],
    "message": "Invalid input"
  }
]
ZodError: [
  {
    "code": "invalid_value",
    "values": [
      "PUBLISHER",
      "EDITOR",
      "USER"
    ],
    "path": [
      "role"
    ],
    "message": "Invalid input"
  }
]
    at POST (webpack-internal:///(rsc)/./src/app/api/auth/signup/route.ts:17:90)
    at process.processTicksAndRejections (node:internal/process/task_queues:105:5)
    at async AppRouteRouteModule.do (/Users/farshidhendi/voice-content-platform/node_modules/next/dist/compiled/next-server/app-route.runtime.dev.js:5:38782)
    at async AppRouteRouteModule.handle (/Users/farshidhendi/voice-content-platform/node_modules/next/dist/compiled/next-server/app-route.runtime.dev.js:5:45984)
    at async responseGenerator (webpack-internal:///(rsc)/./node_modules/next/dist/build/webpack/loaders/next-app-loader/index.js?name=app%2Fapi%2Fauth%2Fsignup%2Froute&page=%2Fapi%2Fauth%2Fsignup%2Froute&appPaths=&pagePath=private-next-app-dir%2Fapi%2Fauth%2Fsignup%2Froute.ts&appDir=%2FUsers%2Ffarshidhendi%2Fvoice-content-platform%2Fsrc%2Fapp&pageExtensions=tsx&pageExtensions=ts&pageExtensions=jsx&pageExtensions=js&rootDir=%2FUsers%2Ffarshidhendi%2Fvoice-content-platform&isDev=true&tsconfigPath=tsconfig.json&basePath=&assetPrefix=&nextConfigOutput=standalone&preferredRegion=&middlewareConfig=e30%3D&isGlobalNotFoundEnabled=!:203:38)
    at async AppRouteRouteModule.handleResponse (/Users/farshidhendi/voice-content-platform/node_modules/next/dist/compiled/next-server/app-route.runtime.dev.js:1:183692)
    at async handleResponse (webpack-internal:///(rsc)/./node_modules/next/dist/build/webpack/loaders/next-app-loader/index.js?name=app%2Fapi%2Fauth%2Fsignup%2Froute&page=%2Fapi%2Fauth%2Fsignup%2Froute&appPaths=&pagePath=private-next-app-dir%2Fapi%2Fauth%2Fsignup%2Froute.ts&appDir=%2FUsers%2Ffarshidhendi%2Fvoice-content-platform%2Fsrc%2Fapp&pageExtensions=tsx&pageExtensions=ts&pageExtensions=jsx&pageExtensions=js&rootDir=%2FUsers%2Ffarshidhendi%2Fvoice-content-platform&isDev=true&tsconfigPath=tsconfig.json&basePath=&assetPrefix=&nextConfigOutput=standalone&preferredRegion=&middlewareConfig=e30%3D&isGlobalNotFoundEnabled=!:265:32)
    at async handler (webpack-internal:///(rsc)/./node_modules/next/dist/build/webpack/loaders/next-app-loader/index.js?name=app%2Fapi%2Fauth%2Fsignup%2Froute&page=%2Fapi%2Fauth%2Fsignup%2Froute&appPaths=&pagePath=private-next-app-dir%2Fapi%2Fauth%2Fsignup%2Froute.ts&appDir=%2FUsers%2Ffarshidhendi%2Fvoice-content-platform%2Fsrc%2Fapp&pageExtensions=tsx&pageExtensions=ts&pageExtensions=jsx&pageExtensions=js&rootDir=%2FUsers%2Ffarshidhendi%2Fvoice-content-platform&isDev=true&tsconfigPath=tsconfig.json&basePath=&assetPrefix=&nextConfigOutput=standalone&preferredRegion=&middlewareConfig=e30%3D&isGlobalNotFoundEnabled=!:317:13)
    at async doRender (/Users/farshidhendi/voice-content-platform/node_modules/next/dist/server/base-server.js:1587:34)
    at async DevServer.renderToResponseWithComponentsImpl (/Users/farshidhendi/voice-content-platform/node_modules/next/dist/server/base-server.js:1929:13)
    at async DevServer.renderPageComponent (/Users/farshidhendi/voice-content-platform/node_modules/next/dist/server/base-server.js:2395:24)
    at async DevServer.renderToResponseImpl (/Users/farshidhendi/voice-content-platform/node_modules/next/dist/server/base-server.js:2435:32)
    at async DevServer.pipeImpl (/Users/farshidhendi/voice-content-platform/node_modules/next/dist/server/base-server.js:1035:25)
    at async NextNodeServer.handleCatchallRenderRequest (/Users/farshidhendi/voice-content-platform/node_modules/next/dist/server/next-server.js:393:17)
    at async DevServer.handleRequestImpl (/Users/farshidhendi/voice-content-platform/node_modules/next/dist/server/base-server.js:925:17)
    at async /Users/farshidhendi/voice-content-platform/node_modules/next/dist/server/dev/next-dev-server.js:398:20
    at async Span.traceAsyncFn (/Users/farshidhendi/voice-content-platform/node_modules/next/dist/trace/trace.js:157:20)
    at async DevServer.handleRequest (/Users/farshidhendi/voice-content-platform/node_modules/next/dist/server/dev/next-dev-server.js:394:24)
    at async invokeRender (/Users/farshidhendi/voice-content-platform/node_modules/next/dist/server/lib/router-server.js:239:21)
    at async handleRequest (/Users/farshidhendi/voice-content-platform/node_modules/next/dist/server/lib/router-server.js:436:24)
    at async requestHandlerImpl (/Users/farshidhendi/voice-content-platform/node_modules/next/dist/server/lib/router-server.js:464:13)
    at async Server.requestListener (/Users/farshidhendi/voice-content-platform/node_modules/next/dist/server/lib/start-server.js:218:13)

[2025-08-07T17:49:20.818Z] INFO [SIGNUP] Signup attempt started
[2025-08-07T17:49:20.818Z] INFO [SIGNUP] Signup attempt for email: test@example.com
[2025-08-07T17:49:21.034Z] INFO [SIGNUP] User created successfully: test@example.com
[2025-08-07T17:50:59.217Z] INFO [SIGNUP] Signup attempt started
[2025-08-07T17:50:59.218Z] INFO [SIGNUP] Signup attempt for email: test1@test.com
[2025-08-07T17:50:59.432Z] INFO [SIGNUP] User created successfully: test1@test.com
